<?xml version="1.0" encoding="UTF-8"?>
<testsuite xmlns:xsi="http://www.w3.org/2001/XMLSchema-instance" xsi:noNamespaceSchemaLocation="https://maven.apache.org/surefire/maven-surefire-plugin/xsd/surefire-test-report-3.0.xsd" version="3.0" name="com.bootcamp.demo.demo_sb_stockchart.DemoSbStockchartApplicationTests" time="2.929" tests="1" errors="0" skipped="0" failures="0">
  <properties>
[...]
</properties>
  <testcase name="contextLoads" classname="com.bootcamp.demo.demo_sb_stockchart.DemoSbStockchartApplicationTests" time="0.736">
    <system-out><![CDATA[13:10:33.869 [main] INFO org.springframework.test.context.support.AnnotationConfigContextLoaderUtils -- Could not detect default configuration classes for test class [com.bootcamp.demo.demo_sb_stockchart.DemoSbStockchartApplicationTests]: DemoSbStockchartApplicationTests does not declare any static, non-private, non-final, nested classes annotated with @Configuration.
13:10:33.974 [main] INFO org.springframework.boot.test.context.SpringBootTestContextBootstrapper -- Found @SpringBootConfiguration com.bootcamp.demo.demo_sb_stockchart.DemoSbStockchartApplication for test class com.bootcamp.demo.demo_sb_stockchart.DemoSbStockchartApplicationTests
13:10:34.160 [main] INFO org.springframework.boot.devtools.restart.RestartApplicationListener -- Restart disabled due to context in which it is running
  .   ____          _            __ _ _
 /\\ / ___'_ __ _ _(_)_ __  __ _ \ \ \ \
( ( )\___ | '_ | '_| | '_ \/ _` | \ \ \ \
 \\/  ___)| |_)| | | | | || (_| |  ) ) ) )
  '  |____| .__|_| |_|_| |_\__, | / / / /
 =========|_|==============|___/=/_/_/_/

 :: Spring Boot ::                (v3.3.0)

2025-03-18T13:10:34.428+08:00  INFO 35196 --- [           main] c.b.d.d.DemoSbStockchartApplicationTests : Starting DemoSbStockchartApplicationTests using Java 17.0.13 with PID 35196 (started by wanmi in C:\software\Git\Git\bootcamp\bc2412-sb\demo-chart)
2025-03-18T13:10:34.429+08:00  INFO 35196 --- [           main] c.b.d.d.DemoSbStockchartApplicationTests : No active profile set, falling back to 1 default profile: "default"
2025-03-18T13:10:35.871+08:00  INFO 35196 --- [           main] c.b.d.d.DemoSbStockchartApplicationTests : Started DemoSbStockchartApplicationTests in 1.722 seconds (process running for 2.64)
]]></system-out>
  </testcase>
</testsuite>